<?xml version="1.0" encoding="UTF-8"?>
<!-- Generated by org.testng.reporters.JUnitReportReporter -->
<testsuite hostname="OM-JAI-LAXMI-MATA" failures="0" tests="1" name="com.bellesboard.qa.testcases.OrgProfileTest" time="17.581" errors="0" timestamp="2023-05-02T16:06:01 IST" skipped="0">
  <testcase classname="com.bellesboard.qa.testcases.OrgProfileTest" name="orgProfilePage" time="17.581"/>
  <system-out/>
</testsuite> <!-- com.bellesboard.qa.testcases.OrgProfileTest -->
