<?xml version="1.0" encoding="UTF-8"?>
<!-- Generated by org.testng.reporters.JUnitReportReporter -->
<testsuite hostname="OM-JAI-LAXMI-MATA" failures="0" tests="1" name="com.bellesboard.qa.testcases.OrgSettingsTest" time="14.258" errors="0" timestamp="2023-05-13T11:49:42 IST" skipped="0">
  <testcase classname="com.bellesboard.qa.testcases.OrgSettingsTest" name="createUserPage" time="14.258"/>
  <system-out/>
</testsuite> <!-- com.bellesboard.qa.testcases.OrgSettingsTest -->
