<?xml version="1.0" encoding="UTF-8"?>
<!-- Generated by org.testng.reporters.JUnitReportReporter -->
<testsuite hostname="OM-JAI-LAXMI-MATA" failures="0" tests="1" name="com.bellesboard.qa.testcases.ManageNewUserTest" time="15.466" errors="0" timestamp="2023-05-06T18:18:56 IST" skipped="0">
  <testcase classname="com.bellesboard.qa.testcases.ManageNewUserTest" name="createUserPage" time="15.466"/>
  <system-out/>
</testsuite> <!-- com.bellesboard.qa.testcases.ManageNewUserTest -->
