<?xml version="1.0" encoding="UTF-8"?>
<!-- Generated by org.testng.reporters.JUnitReportReporter -->
<testsuite hostname="OM-JAI-LAXMI-MATA" failures="0" tests="2" name="com.bellesboard.qa.testcases.LoginPageTest" time="21.002" errors="0" timestamp="2023-06-01T20:14:21 IST" skipped="0">
  <testcase classname="com.bellesboard.qa.testcases.LoginPageTest" name="LoginPageTitleTest" time="6.816"/>
  <system-out/>
  <testcase classname="com.bellesboard.qa.testcases.LoginPageTest" name="LoginTest" time="14.186"/>
  <system-out/>
</testsuite> <!-- com.bellesboard.qa.testcases.LoginPageTest -->
