<?xml version="1.0" encoding="UTF-8"?>
<!-- Generated by org.testng.reporters.JUnitReportReporter -->
<testsuite hostname="DESKTOP-E6099RF" failures="0" tests="1" name="com.bellesboard.qa.testcases.UserProfileTest" time="54.845" errors="0" timestamp="2023-04-24T14:49:23 IST" skipped="0">
  <testcase classname="com.bellesboard.qa.testcases.UserProfileTest" name="userProfilePage" time="54.845"/>
  <system-out/>
</testsuite> <!-- com.bellesboard.qa.testcases.UserProfileTest -->
