<?xml version="1.0" encoding="UTF-8"?>
<!-- Generated by org.testng.reporters.JUnitReportReporter -->
<testsuite hostname="OM-JAI-LAXMI-MATA" failures="0" tests="2" name="com.bellesboard.qa.testcases.LoginPageTest" time="20.091" errors="0" timestamp="2023-05-06T18:18:56 IST" skipped="0">
  <testcase classname="com.bellesboard.qa.testcases.LoginPageTest" name="LoginPageTitleTest" time="6.229"/>
  <system-out/>
  <testcase classname="com.bellesboard.qa.testcases.LoginPageTest" name="LoginTest" time="13.862"/>
  <system-out/>
</testsuite> <!-- com.bellesboard.qa.testcases.LoginPageTest -->
