<?xml version="1.0" encoding="UTF-8"?>
<!-- Generated by org.testng.reporters.JUnitReportReporter -->
<testsuite hostname="OM-JAI-LAXMI-MATA" failures="0" tests="3" name="com.bellesboard.qa.testcases.ForgotPassPageTest" time="54.884" errors="0" timestamp="2023-06-20T21:45:23 IST" skipped="0">
  <testcase classname="com.bellesboard.qa.testcases.ForgotPassPageTest" name="forgotPassPage" time="13.456"/>
  <system-out/>
  <testcase classname="com.bellesboard.qa.testcases.ForgotPassPageTest" name="CheckReseteMail" time="31.348"/>
  <system-out/>
  <testcase classname="com.bellesboard.qa.testcases.ForgotPassPageTest" name="checkLoginWithNewPassword" time="10.080"/>
  <system-out/>
</testsuite> <!-- com.bellesboard.qa.testcases.ForgotPassPageTest -->
