<?xml version="1.0" encoding="UTF-8"?>
<!-- Generated by org.testng.reporters.JUnitReportReporter -->
<testsuite hostname="OM-JAI-LAXMI-MATA" failures="0" tests="1" name="com.bellesboard.qa.testcases.UserProfileTest" time="13.279" errors="0" timestamp="2023-05-06T18:18:56 IST" skipped="0">
  <testcase classname="com.bellesboard.qa.testcases.UserProfileTest" name="userProfilePage" time="13.279"/>
  <system-out/>
</testsuite> <!-- com.bellesboard.qa.testcases.UserProfileTest -->
