<?xml version="1.0" encoding="UTF-8"?>
<!-- Generated by org.testng.reporters.JUnitReportReporter -->
<testsuite hostname="DESKTOP-80J0974" failures="0" tests="3" name="com.bellesboard.qa.testcases.ForgotPassPageTest" time="69.092" errors="0" timestamp="2023-07-02T07:40:30 IST" skipped="0">
  <testcase classname="com.bellesboard.qa.testcases.ForgotPassPageTest" name="forgotPassPage" time="12.791"/>
  <system-out/>
  <testcase classname="com.bellesboard.qa.testcases.ForgotPassPageTest" name="CheckReseteMail" time="46.551"/>
  <system-out/>
  <testcase classname="com.bellesboard.qa.testcases.ForgotPassPageTest" name="checkLoginWithNewPassword" time="9.750"/>
  <system-out/>
</testsuite> <!-- com.bellesboard.qa.testcases.ForgotPassPageTest -->
