<?xml version="1.0" encoding="UTF-8"?>
<!-- Generated by org.testng.reporters.JUnitReportReporter -->
<testsuite hostname="OM-JAI-LAXMI-MATA" failures="0" tests="1" name="com.bellesboard.qa.testcases.CreateUserTest" time="21.676" errors="0" timestamp="2023-05-18T13:53:30 IST" skipped="0">
  <testcase classname="com.bellesboard.qa.testcases.CreateUserTest" name="createUserPage" time="21.676"/>
  <system-out/>
</testsuite> <!-- com.bellesboard.qa.testcases.CreateUserTest -->
