<?xml version="1.0" encoding="UTF-8"?>
<!-- Generated by org.testng.reporters.JUnitReportReporter -->
<testsuite hostname="OM-JAI-LAXMI-MATA" failures="0" tests="1" name="com.bellesboard.qa.testcases.LoginPageTest" time="12.627" errors="0" timestamp="2023-06-16T21:38:56 IST" skipped="0">
  <testcase classname="com.bellesboard.qa.testcases.LoginPageTest" name="LoginTest" time="12.627"/>
  <system-out/>
</testsuite> <!-- com.bellesboard.qa.testcases.LoginPageTest -->
