<?xml version="1.0" encoding="UTF-8"?>
<!-- Generated by org.testng.reporters.JUnitReportReporter -->
<testsuite hostname="DESKTOP-80J0974" failures="0" tests="3" name="com.bellesboard.qa.testcases.CreateAdminUserTest" time="96.791" errors="0" timestamp="2023-07-04T17:42:42 IST" skipped="0">
  <testcase classname="com.bellesboard.qa.testcases.CreateAdminUserTest" name="createUserPage" time="11.523"/>
  <system-out/>
  <testcase classname="com.bellesboard.qa.testcases.CreateAdminUserTest" name="CheckWelcomeMail" time="22.163"/>
  <system-out/>
  <testcase classname="com.bellesboard.qa.testcases.CreateAdminUserTest" name="loginWithNewPass" time="63.105"/>
  <system-out/>
</testsuite> <!-- com.bellesboard.qa.testcases.CreateAdminUserTest -->
