<?xml version="1.0" encoding="UTF-8"?>
<!-- Generated by org.testng.reporters.JUnitReportReporter -->
<testsuite hostname="OM-JAI-LAXMI-MATA" failures="0" tests="1" name="com.bellesboard.qa.testcases.HomePageTest" time="14.052" errors="0" timestamp="2023-06-01T20:15:29 IST" skipped="0">
  <testcase classname="com.bellesboard.qa.testcases.HomePageTest" name="homePage" time="14.052"/>
  <system-out/>
</testsuite> <!-- com.bellesboard.qa.testcases.HomePageTest -->
