<?xml version="1.0" encoding="UTF-8"?>
<!-- Generated by org.testng.reporters.JUnitReportReporter -->
<testsuite hostname="DESKTOP-E6099RF" failures="0" tests="1" name="com.bellesboard.qa.testcases.CreateUserTest" time="65.803" errors="0" timestamp="2023-04-18T20:48:12 IST" skipped="0">
  <testcase classname="com.bellesboard.qa.testcases.CreateUserTest" name="createUserPage" time="65.803"/>
  <system-out/>
</testsuite> <!-- com.bellesboard.qa.testcases.CreateUserTest -->
