<?xml version="1.0" encoding="UTF-8"?>
<!-- Generated by org.testng.reporters.JUnitReportReporter -->
<testsuite hostname="OM-JAI-LAXMI-MATA" failures="0" tests="1" name="com.bellesboard.qa.testcases.Admin_CreateNewUserTest" time="18.573" errors="0" timestamp="2023-05-18T14:27:48 IST" skipped="0">
  <testcase classname="com.bellesboard.qa.testcases.Admin_CreateNewUserTest" name="createAdminUserPage" time="18.573"/>
  <system-out/>
</testsuite> <!-- com.bellesboard.qa.testcases.Admin_CreateNewUserTest -->
