<?xml version="1.0" encoding="UTF-8"?>
<!-- Generated by org.testng.reporters.JUnitReportReporter -->
<testsuite hostname="DESKTOP-80J0974" failures="0" tests="3" name="com.bellesboard.qa.testcases.ForgotPassPageTest" time="106.260" errors="0" timestamp="2023-07-05T11:42:03 IST" skipped="0">
  <testcase classname="com.bellesboard.qa.testcases.ForgotPassPageTest" name="forgotPassPage" time="49.871"/>
  <system-out/>
  <testcase classname="com.bellesboard.qa.testcases.ForgotPassPageTest" name="CheckReseteMail" time="43.332"/>
  <system-out/>
  <testcase classname="com.bellesboard.qa.testcases.ForgotPassPageTest" name="checkLoginWithNewPassword" time="13.057"/>
  <system-out/>
</testsuite> <!-- com.bellesboard.qa.testcases.ForgotPassPageTest -->
