<?xml version="1.0" encoding="UTF-8"?>
<!-- Generated by org.testng.reporters.JUnitReportReporter -->
<testsuite hostname="OM-JAI-LAXMI-MATA" failures="0" tests="1" name="com.bellesboard.qa.testcases.UserProfileTest" time="29.338" errors="0" timestamp="2023-04-30T21:19:41 IST" skipped="0">
  <testcase classname="com.bellesboard.qa.testcases.UserProfileTest" name="userProfilePage" time="29.338"/>
  <system-out/>
</testsuite> <!-- com.bellesboard.qa.testcases.UserProfileTest -->
