<?xml version="1.0" encoding="UTF-8"?>
<!-- Generated by org.testng.reporters.JUnitReportReporter -->
<testsuite hostname="OM-JAI-LAXMI-MATA" failures="0" tests="3" name="com.bellesboard.qa.testcases.ForgotPassPageTest" time="53.843" errors="0" timestamp="2023-06-20T22:37:25 IST" skipped="0">
  <testcase classname="com.bellesboard.qa.testcases.ForgotPassPageTest" name="forgotPassPage" time="8.782"/>
  <system-out/>
  <testcase classname="com.bellesboard.qa.testcases.ForgotPassPageTest" name="CheckReseteMail" time="35.801"/>
  <system-out/>
  <testcase classname="com.bellesboard.qa.testcases.ForgotPassPageTest" name="checkLoginWithNewPassword" time="9.260"/>
  <system-out/>
</testsuite> <!-- com.bellesboard.qa.testcases.ForgotPassPageTest -->
