<?xml version="1.0" encoding="UTF-8"?>
<!-- Generated by org.testng.reporters.JUnitReportReporter -->
<testsuite hostname="DESKTOP-80J0974" failures="0" tests="3" name="com.bellesboard.qa.testcases.CreateAdminUserTest" time="122.981" errors="0" timestamp="2023-07-13T22:09:33 IST" skipped="0">
  <testcase classname="com.bellesboard.qa.testcases.CreateAdminUserTest" name="createUserPage" time="26.086"/>
  <system-out/>
  <testcase classname="com.bellesboard.qa.testcases.CreateAdminUserTest" name="CheckWelcomeMail" time="29.623"/>
  <system-out/>
  <testcase classname="com.bellesboard.qa.testcases.CreateAdminUserTest" name="loginWithNewPass" time="67.272"/>
  <system-out/>
</testsuite> <!-- com.bellesboard.qa.testcases.CreateAdminUserTest -->
