<?xml version="1.0" encoding="UTF-8"?>
<!-- Generated by org.testng.reporters.JUnitReportReporter -->
<testsuite hostname="OM-JAI-LAXMI-MATA" failures="0" tests="1" name="com.bellesboard.qa.testcases.DeleteUserTest" time="17.003" errors="0" timestamp="2023-06-01T15:17:01 IST" skipped="0">
  <testcase classname="com.bellesboard.qa.testcases.DeleteUserTest" name="createUserPage" time="17.003"/>
  <system-out/>
</testsuite> <!-- com.bellesboard.qa.testcases.DeleteUserTest -->
